<?xml version="1.0" encoding="UTF-8"?>
<testng-results ignored="0" total="1" passed="1" failed="0" skipped="0">
  <reporter-output>
  </reporter-output>
  <suite started-at="2021-12-30T11:29:00Z" name="Default suite" finished-at="2021-12-30T11:29:00Z" duration-ms="54">
    <groups>
    </groups>
    <test started-at="2021-12-30T11:29:00Z" name="Default test" finished-at="2021-12-30T11:29:00Z" duration-ms="54">
      <class name="createorgtest">
        <test-method signature="crtorgtest()[pri:0, instance:createorgtest@4416d64f]" started-at="2021-12-30T11:29:00Z" name="crtorgtest" finished-at="2021-12-30T11:29:00Z" duration-ms="15" status="PASS">
          <reporter-output>
          </reporter-output>
        </test-method> <!-- crtorgtest -->
      </class> <!-- createorgtest -->
    </test> <!-- Default test -->
  </suite> <!-- Default suite -->
</testng-results>
